build/app/intermediates/manifest_merge_blame_file/debug/manifest-merger-blame-debug-report.txt
1<?xml version="1.0" encoding="utf-8"?>
2<manifest xmlns:android="http://schemas.android.com/apk/res/android"
3    package="co.lekan.flash_chat"
4    android:versionCode="1"
5    android:versionName="1.0.0" >
6
7    <uses-sdk
8        android:minSdkVersion="16"
9        android:targetSdkVersion="29" />
10    <!--
11         Flutter needs it to communicate with the running application
12         to allow setting breakpoints, to provide hot reload, etc.
13    -->
14    <uses-permission android:name="android.permission.INTERNET" />
14-->src/debug/AndroidManifest.xml:6:5-66
14-->src/debug/AndroidManifest.xml:6:22-64
15    <!-- Although the *SdkVersion is captured in gradle build files, this is required for non gradle builds -->
16    <!-- <uses-sdk android:minSdkVersion="14" /> -->
17    <uses-permission android:name="android.permission.ACCESS_NETWORK_STATE" />
17-->[com.google.firebase:firebase-firestore:18.2.0] AndroidManifest.xml:13:5-79
17-->[com.google.firebase:firebase-firestore:18.2.0] AndroidManifest.xml:13:22-76
18    <uses-permission android:name="android.permission.WAKE_LOCK" />
18-->[com.google.firebase:firebase-measurement-connector-impl:17.0.2] AndroidManifest.xml:24:5-68
18-->[com.google.firebase:firebase-measurement-connector-impl:17.0.2] AndroidManifest.xml:24:22-65
19    <uses-permission android:name="com.google.android.finsky.permission.BIND_GET_INSTALL_REFERRER_SERVICE" /> <!-- Required by older versions of Google Play services to create IID tokens -->
19-->[com.google.firebase:firebase-analytics:16.0.4] AndroidManifest.xml:26:5-110
19-->[com.google.firebase:firebase-analytics:16.0.4] AndroidManifest.xml:26:22-107
20    <uses-permission android:name="com.google.android.c2dm.permission.RECEIVE" />
20-->[com.google.firebase:firebase-iid:17.0.3] AndroidManifest.xml:26:5-82
20-->[com.google.firebase:firebase-iid:17.0.3] AndroidManifest.xml:26:22-79
21    <!--
22 io.flutter.app.FlutterApplication is an android.app.Application that
23         calls FlutterMain.startInitialization(this); in its onCreate method.
24         In most cases you can leave this as-is, but you if you want to provide
25         additional functionality it is fine to subclass or reimplement
26         FlutterApplication and put your custom class here.
27    -->
28    <application
28-->src/main/AndroidManifest.xml:9:5-32:19
29        android:name="io.flutter.app.FlutterApplication"
29-->src/main/AndroidManifest.xml:10:9-57
30        android:appComponentFactory="androidx.core.app.CoreComponentFactory"
30-->[androidx.core:core:1.1.0] AndroidManifest.xml:24:18-86
31        android:debuggable="true"
32        android:icon="@mipmap/ic_launcher"
32-->src/main/AndroidManifest.xml:12:9-43
33        android:label="flash_chat" >
33-->src/main/AndroidManifest.xml:11:9-35
34        <activity
34-->src/main/AndroidManifest.xml:13:9-31:20
35            android:name="co.appbrewery.flash_chat.MainActivity"
35-->src/main/AndroidManifest.xml:14:13-41
36            android:configChanges="orientation|keyboardHidden|keyboard|screenSize|locale|layoutDirection|fontScale|screenLayout|density|uiMode"
36-->src/main/AndroidManifest.xml:17:13-144
37            android:hardwareAccelerated="true"
37-->src/main/AndroidManifest.xml:18:13-47
38            android:launchMode="singleTop"
38-->src/main/AndroidManifest.xml:15:13-43
39            android:theme="@style/LaunchTheme"
39-->src/main/AndroidManifest.xml:16:13-47
40            android:windowSoftInputMode="adjustResize" >
40-->src/main/AndroidManifest.xml:19:13-55
41
42            <!--
43                 This keeps the window background of the activity showing
44                 until Flutter renders its first frame. It can be removed if
45                 there is no splash screen (such as the default splash screen
46                 defined in @style/LaunchTheme).
47            -->
48            <meta-data
48-->src/main/AndroidManifest.xml:24:13-26:40
49                android:name="io.flutter.app.android.SplashScreenUntilFirstFrame"
49-->src/main/AndroidManifest.xml:25:17-82
50                android:value="true" />
50-->src/main/AndroidManifest.xml:26:17-37
51
52            <intent-filter>
52-->src/main/AndroidManifest.xml:27:13-30:29
53                <action android:name="android.intent.action.MAIN" />
53-->src/main/AndroidManifest.xml:28:17-68
53-->src/main/AndroidManifest.xml:28:25-66
54
55                <category android:name="android.intent.category.LAUNCHER" />
55-->src/main/AndroidManifest.xml:29:17-76
55-->src/main/AndroidManifest.xml:29:27-74
56            </intent-filter>
57        </activity>
58        <activity
58-->[com.google.firebase:firebase-auth:16.0.5] AndroidManifest.xml:24:9-31:50
59            android:name="com.google.firebase.auth.internal.FederatedSignInActivity"
59-->[com.google.firebase:firebase-auth:16.0.5] AndroidManifest.xml:25:13-85
60            android:excludeFromRecents="true"
60-->[com.google.firebase:firebase-auth:16.0.5] AndroidManifest.xml:26:13-46
61            android:exported="true"
61-->[com.google.firebase:firebase-auth:16.0.5] AndroidManifest.xml:27:13-36
62            android:launchMode="singleTask"
62-->[com.google.firebase:firebase-auth:16.0.5] AndroidManifest.xml:28:13-44
63            android:permission="com.google.firebase.auth.api.gms.permission.LAUNCH_FEDERATED_SIGN_IN"
63-->[com.google.firebase:firebase-auth:16.0.5] AndroidManifest.xml:29:13-102
64            android:theme="@android:style/Theme.Translucent.NoTitleBar" />
64-->[com.google.firebase:firebase-auth:16.0.5] AndroidManifest.xml:30:13-72
65
66        <service
66-->[com.google.firebase:firebase-auth:16.0.5] AndroidManifest.xml:33:9-39:19
67            android:name="com.google.firebase.components.ComponentDiscoveryService"
67-->[com.google.firebase:firebase-auth:16.0.5] AndroidManifest.xml:34:13-84
68            android:exported="false" >
68-->[com.google.firebase:firebase-auth:16.0.5] AndroidManifest.xml:35:13-37
69            <meta-data
69-->[com.google.firebase:firebase-auth:16.0.5] AndroidManifest.xml:36:13-38:85
70                android:name="com.google.firebase.components:com.google.firebase.auth.FirebaseAuthRegistrar"
70-->[com.google.firebase:firebase-auth:16.0.5] AndroidManifest.xml:37:17-109
71                android:value="com.google.firebase.components.ComponentRegistrar" />
71-->[com.google.firebase:firebase-auth:16.0.5] AndroidManifest.xml:38:17-82
72            <meta-data
72-->[com.google.firebase:firebase-firestore:18.2.0] AndroidManifest.xml:18:13-20:85
73                android:name="com.google.firebase.components:com.google.firebase.firestore.FirestoreRegistrar"
73-->[com.google.firebase:firebase-firestore:18.2.0] AndroidManifest.xml:19:17-111
74                android:value="com.google.firebase.components.ComponentRegistrar" />
74-->[com.google.firebase:firebase-firestore:18.2.0] AndroidManifest.xml:20:17-82
75            <meta-data
75-->[com.google.firebase:firebase-measurement-connector-impl:17.0.2] AndroidManifest.xml:28:13-30:85
76                android:name="com.google.firebase.components:com.google.firebase.analytics.connector.internal.AnalyticsConnectorRegistrar"
76-->[com.google.firebase:firebase-measurement-connector-impl:17.0.2] AndroidManifest.xml:29:17-139
77                android:value="com.google.firebase.components.ComponentRegistrar" />
77-->[com.google.firebase:firebase-measurement-connector-impl:17.0.2] AndroidManifest.xml:30:17-82
78            <meta-data
78-->[com.google.firebase:firebase-iid:17.0.3] AndroidManifest.xml:32:13-34:85
79                android:name="com.google.firebase.components:com.google.firebase.iid.Registrar"
79-->[com.google.firebase:firebase-iid:17.0.3] AndroidManifest.xml:33:17-96
80                android:value="com.google.firebase.components.ComponentRegistrar" />
80-->[com.google.firebase:firebase-iid:17.0.3] AndroidManifest.xml:34:17-82
81        </service>
82
83        <receiver
83-->[com.google.firebase:firebase-analytics:16.0.4] AndroidManifest.xml:29:9-33:20
84            android:name="com.google.android.gms.measurement.AppMeasurementReceiver"
84-->[com.google.firebase:firebase-analytics:16.0.4] AndroidManifest.xml:30:13-85
85            android:enabled="true"
85-->[com.google.firebase:firebase-analytics:16.0.4] AndroidManifest.xml:31:13-35
86            android:exported="false" >
86-->[com.google.firebase:firebase-analytics:16.0.4] AndroidManifest.xml:32:13-37
87        </receiver>
88        <receiver
88-->[com.google.firebase:firebase-analytics:16.0.4] AndroidManifest.xml:34:9-42:20
89            android:name="com.google.android.gms.measurement.AppMeasurementInstallReferrerReceiver"
89-->[com.google.firebase:firebase-analytics:16.0.4] AndroidManifest.xml:35:13-100
90            android:enabled="true"
90-->[com.google.firebase:firebase-analytics:16.0.4] AndroidManifest.xml:36:13-35
91            android:exported="true"
91-->[com.google.firebase:firebase-analytics:16.0.4] AndroidManifest.xml:37:13-36
92            android:permission="android.permission.INSTALL_PACKAGES" >
92-->[com.google.firebase:firebase-analytics:16.0.4] AndroidManifest.xml:38:13-69
93            <intent-filter>
93-->[com.google.firebase:firebase-analytics:16.0.4] AndroidManifest.xml:39:13-41:29
94                <action android:name="com.android.vending.INSTALL_REFERRER" />
94-->[com.google.firebase:firebase-analytics:16.0.4] AndroidManifest.xml:40:17-79
94-->[com.google.firebase:firebase-analytics:16.0.4] AndroidManifest.xml:40:25-76
95            </intent-filter>
96        </receiver>
97
98        <service
98-->[com.google.firebase:firebase-analytics:16.0.4] AndroidManifest.xml:44:9-47:40
99            android:name="com.google.android.gms.measurement.AppMeasurementService"
99-->[com.google.firebase:firebase-analytics:16.0.4] AndroidManifest.xml:45:13-84
100            android:enabled="true"
100-->[com.google.firebase:firebase-analytics:16.0.4] AndroidManifest.xml:46:13-35
101            android:exported="false" />
101-->[com.google.firebase:firebase-analytics:16.0.4] AndroidManifest.xml:47:13-37
102        <service
102-->[com.google.firebase:firebase-analytics:16.0.4] AndroidManifest.xml:48:9-52:72
103            android:name="com.google.android.gms.measurement.AppMeasurementJobService"
103-->[com.google.firebase:firebase-analytics:16.0.4] AndroidManifest.xml:49:13-87
104            android:enabled="true"
104-->[com.google.firebase:firebase-analytics:16.0.4] AndroidManifest.xml:50:13-35
105            android:exported="false"
105-->[com.google.firebase:firebase-analytics:16.0.4] AndroidManifest.xml:51:13-37
106            android:permission="android.permission.BIND_JOB_SERVICE" />
106-->[com.google.firebase:firebase-analytics:16.0.4] AndroidManifest.xml:52:13-69
107
108        <receiver
108-->[com.google.firebase:firebase-iid:17.0.3] AndroidManifest.xml:37:9-44:20
109            android:name="com.google.firebase.iid.FirebaseInstanceIdReceiver"
109-->[com.google.firebase:firebase-iid:17.0.3] AndroidManifest.xml:38:13-78
110            android:exported="true"
110-->[com.google.firebase:firebase-iid:17.0.3] AndroidManifest.xml:39:13-36
111            android:permission="com.google.android.c2dm.permission.SEND" >
111-->[com.google.firebase:firebase-iid:17.0.3] AndroidManifest.xml:40:13-73
112            <intent-filter>
112-->[com.google.firebase:firebase-iid:17.0.3] AndroidManifest.xml:41:13-43:29
113                <action android:name="com.google.android.c2dm.intent.RECEIVE" />
113-->[com.google.firebase:firebase-iid:17.0.3] AndroidManifest.xml:42:17-81
113-->[com.google.firebase:firebase-iid:17.0.3] AndroidManifest.xml:42:25-78
114            </intent-filter>
115        </receiver>
116        <!--
117             FirebaseInstanceIdService performs security checks at runtime,
118             no need for explicit permissions despite exported="true"
119        -->
120        <service
120-->[com.google.firebase:firebase-iid:17.0.3] AndroidManifest.xml:50:9-56:19
121            android:name="com.google.firebase.iid.FirebaseInstanceIdService"
121-->[com.google.firebase:firebase-iid:17.0.3] AndroidManifest.xml:51:13-77
122            android:exported="true" >
122-->[com.google.firebase:firebase-iid:17.0.3] AndroidManifest.xml:52:13-36
123            <intent-filter android:priority="-500" >
123-->[com.google.firebase:firebase-iid:17.0.3] AndroidManifest.xml:53:13-55:29
123-->[com.google.firebase:firebase-iid:17.0.3] AndroidManifest.xml:53:28-51
124                <action android:name="com.google.firebase.INSTANCE_ID_EVENT" />
124-->[com.google.firebase:firebase-iid:17.0.3] AndroidManifest.xml:54:17-80
124-->[com.google.firebase:firebase-iid:17.0.3] AndroidManifest.xml:54:25-77
125            </intent-filter>
126        </service>
127
128        <activity
128-->[com.google.android.gms:play-services-base:16.0.1] AndroidManifest.xml:23:9-26:75
129            android:name="com.google.android.gms.common.api.GoogleApiActivity"
129-->[com.google.android.gms:play-services-base:16.0.1] AndroidManifest.xml:24:13-79
130            android:exported="false"
130-->[com.google.android.gms:play-services-base:16.0.1] AndroidManifest.xml:25:13-37
131            android:theme="@android:style/Theme.Translucent.NoTitleBar" />
131-->[com.google.android.gms:play-services-base:16.0.1] AndroidManifest.xml:26:13-72
132
133        <provider
133-->[com.google.firebase:firebase-common:16.1.0] AndroidManifest.xml:12:9-16:39
134            android:name="com.google.firebase.provider.FirebaseInitProvider"
134-->[com.google.firebase:firebase-common:16.1.0] AndroidManifest.xml:13:13-77
135            android:authorities="co.lekan.flash_chat.firebaseinitprovider"
135-->[com.google.firebase:firebase-common:16.1.0] AndroidManifest.xml:14:13-72
136            android:exported="false"
136-->[com.google.firebase:firebase-common:16.1.0] AndroidManifest.xml:15:13-37
137            android:initOrder="100" />
137-->[com.google.firebase:firebase-common:16.1.0] AndroidManifest.xml:16:13-36
138
139        <meta-data
139-->[com.google.android.gms:play-services-basement:16.1.0] AndroidManifest.xml:23:9-25:69
140            android:name="com.google.android.gms.version"
140-->[com.google.android.gms:play-services-basement:16.1.0] AndroidManifest.xml:24:13-58
141            android:value="@integer/google_play_services_version" />
141-->[com.google.android.gms:play-services-basement:16.1.0] AndroidManifest.xml:25:13-66
142    </application>
143
144</manifest>